<?xml version="1.0" encoding="UTF-8"?>
<!-- Generated by org.testng.reporters.JUnitReportReporter -->
<testsuite hostname="DESKTOP-E9GJR29" failures="0" tests="1" name="ps1" time="0.010" errors="0" timestamp="2024-07-11T12:34:00 IST" skipped="0">
  <testcase classname="ps1" name="testRun" time="0.010"/>
</testsuite> <!-- ps1 -->
